<?xml version="1.0" encoding="UTF-8"?>
<testsuite xmlns:xsi="http://www.w3.org/2001/XMLSchema-instance" xsi:noNamespaceSchemaLocation="https://maven.apache.org/surefire/maven-surefire-plugin/xsd/surefire-test-report-3.0.xsd" version="3.0" name="org.test.Eduard.CucumberRunnerTest" time="0.751" tests="3" errors="0" skipped="0" failures="0">
  <properties>
[...]
</properties>
  <testcase name="Получение json с 5 уровнями вложенности" classname="Получение конвертировонного json-файла" time="0.146"/>
  <testcase name="Получение json с одним элементом" classname="Получение корректного json файла" time="0.02"/>
  <testcase name="Конвертация некорректного XML-файла" classname="Проверка корректности XML файла" time="0.001"/>
</testsuite>